07:37:23 PM:DEBUG [Persona.py:67] 
            ID Persona: 1,
            Nombre: Juan,
            Apellido: Perez,
            Email: jperez@mail.com
        
07:37:23 PM:DEBUG [Persona.py:70] 
            ID Persona: None,
            Nombre: Jose,
            Apellido: Leppez,
            Email: jleppez@mail.com
        
07:37:23 PM:DEBUG [Persona.py:74] 
            ID Persona: 1,
            Nombre: None,
            Apellido: None,
            Email: None
        
07:37:44 PM:DEBUG [conexion.py:28] Conexión Exitosa: <connection object at 0x000001B49D4B0F20; dsn: 'user=postgres password=xxx dbname=test_db host=127.0.0.1 port=5432', closed: 0>
07:37:44 PM:DEBUG [conexion.py:41] Se abrio correctamente el cursor: <cursor object at 0x000001B49D0EE420; closed: 0>
07:37:48 PM:DEBUG [logger_base.py:11] Mensaje a nivel debug
07:37:48 PM:INFO [logger_base.py:12] Mensaje a nivel info
07:37:48 PM:WARNING [logger_base.py:13] Mensaje a nivel Warning
07:37:48 PM:ERROR [logger_base.py:14] Mensaje a nivel error
07:37:48 PM:CRITICAL [logger_base.py:15] Mensaje a nivel critical
07:38:13 PM:DEBUG [conexion.py:28] Conexión Exitosa: <connection object at 0x000002289BFB0F20; dsn: 'user=postgres password=xxx dbname=test_db host=127.0.0.1 port=5432', closed: 0>
07:38:13 PM:DEBUG [conexion.py:41] Se abrio correctamente el cursor: <cursor object at 0x000002289BE3E420; closed: 0>
07:38:24 PM:DEBUG [logger_base.py:11] Mensaje a nivel debug
07:38:24 PM:INFO [logger_base.py:12] Mensaje a nivel info
07:38:24 PM:WARNING [logger_base.py:13] Mensaje a nivel Warning
07:38:24 PM:ERROR [logger_base.py:14] Mensaje a nivel error
07:38:24 PM:CRITICAL [logger_base.py:15] Mensaje a nivel critical
07:38:28 PM:DEBUG [Persona.py:67] 
            ID Persona: 1,
            Nombre: Juan,
            Apellido: Perez,
            Email: jperez@mail.com
        
07:38:28 PM:DEBUG [Persona.py:70] 
            ID Persona: None,
            Nombre: Jose,
            Apellido: Leppez,
            Email: jleppez@mail.com
        
07:38:28 PM:DEBUG [Persona.py:74] 
            ID Persona: 1,
            Nombre: None,
            Apellido: None,
            Email: None
        
